build/app/outputs/mapping/release/mapping.txt
# compiler: R8
# compiler_version: 1.5.64
# min_api: 16
# pg_map_id: 151b8bc
com.pinnacle.share.MainActivity -> com.pinnacle.share.MainActivity:
    void configureFlutterEngine(io.flutter.embedding.engine.FlutterEngine) -> b
...
com.google.android.gms.internal.ads.zzcub -> com.google.android.gms.internal.ads.w01:
    int zzdvo -> a
    void zzt(java.lang.Object) -> a
com.google.android.gms.internal.ads.zzcuc -> com.google.android.gms.internal.ads.x01:
    com.google.android.gms.internal.ads.zzcug zzghn -> a
    void zzt(java.lang.Object) -> a
com.google.android.gms.internal.ads.zzcud -> com.google.android.gms.internal.ads.y01:
    com.google.android.gms.internal.ads.zzcug zzghn -> a
    void zzt(java.lang.Object) -> a
com.google.android.gms.internal.ads.zzcue -> com.google.android.gms.internal.ads.z01:
    com.google.android.gms.internal.ads.zzcug zzghn -> a
    void zzt(java.lang.Object) -> a
com.google.android.gms.internal.ads.zzcuf -> com.google.android.gms.internal.ads.a11:
    com.google.android.gms.internal.ads.zzcug zzghn -> a
    void zzt(java.lang.Object) -> a
com.google.android.gms.internal.ads.zzcug -> com.google.android.gms.internal.ads.b11:
    void zzt(java.lang.Object) -> a
com.google.android.gms.internal.ads.zzcuh -> com.google.android.gms.internal.ads.c11:
    com.google.android.gms.internal.ads.zzcug zzghn -> a
    void zzt(java.lang.Object) -> a
com.google.android.gms.internal.ads.zzcui -> com.google.android.gms.internal.ads.d11:
    java.lang.String zzgho -> a
com.google.android.gms.internal.ads.zzcuj -> com.google.android.gms.internal.ads.e11:
    com.google.android.gms.internal.ads.zzcuj zzghp -> a
    com.google.android.gms.internal.ads.zzcuj zzamq() -> a
com.google.android.gms.internal.ads.zzcuk -> com.google.android.gms.internal.ads.f11:
    com.google.android.gms.internal.ads.zzcul zzghq -> a
com.google.android.gms.internal.ads.zzcul -> com.google.android.gms.internal.ads.g11:
    android.content.Context zzghr -> a
    com.google.android.gms.internal.ads.zzcvi zzfgh -> f
    java.util.concurrent.Executor zzfbm -> b
    com.google.android.gms.internal.ads.zzcvm zzgbg -> g
    com.google.android.gms.internal.ads.zzcto zzghs -> d
    com.google.android.gms.internal.ads.zzdcp zzghu -> h
    com.google.android.gms.internal.ads.zzctn zzght -> e
    com.google.android.gms.internal.ads.zzbds zzgcx -> c
    com.google.android.gms.internal.ads.zzcto zza(com.google.android.gms.internal.ads.zzcul) -> a
    boolean zza(com.google.android.gms.internal.ads.zztp,java.lang.String,com.google.android.gms.internal.ads.zzclz,com.google.android.gms.internal.ads.zzcmc) -> a
    void zzamr() -> a
    com.google.android.gms.internal.ads.zzctn zzb(com.google.android.gms.internal.ads.zzcul) -> b
    boolean isLoading() -> t
com.google.android.gms.internal.ads.zzcum -> com.google.android.gms.internal.ads.h11:
    com.google.android.gms.internal.ads.zzdvv zzfdl -> b
    com.google.android.gms.internal.ads.zzdvv zzejk -> c
    com.google.android.gms.internal.ads.zzdvv zzghw -> d
    com.google.android.gms.internal.ads.zzdvv zzghx -> e
    com.google.android.gms.internal.ads.zzdvv zzghv -> a
    com.google.android.gms.internal.ads.zzdvv zzghy -> f
    com.google.android.gms.internal.ads.zzdvv zzeyn -> g
com.google.android.gms.internal.ads.zzcun -> com.google.android.gms.internal.ads.i11:
    com.google.android.gms.internal.ads.zzcmc zzgcu -> a
    com.google.android.gms.internal.ads.zzcul zzghz -> b
    void onSuccess(java.lang.Object) -> a
    void zzb(java.lang.Throwable) -> a
com.google.android.gms.internal.ads.zzcuo -> com.google.android.gms.internal.ads.j11:
    com.google.android.gms.internal.ads.zzcup zzgia -> a
    void onSuccess(java.lang.Object) -> a
    void zzalg() -> a